{"total": {"lines":{"total":199,"covered":197,"skipped":0,"pct":98.99},"statements":{"total":204,"covered":202,"skipped":0,"pct":99.02},"functions":{"total":23,"covered":23,"skipped":0,"pct":100},"branches":{"total":68,"covered":61,"skipped":0,"pct":89.71}}
,"/Users/drorsimchoni/Desktop/drorsim-sqe-workshop-2018-exercise-2/src/js/code-analyzer.js": {"lines":{"total":199,"covered":197,"skipped":0,"pct":98.99},"functions":{"total":23,"covered":23,"skipped":0,"pct":100},"statements":{"total":204,"covered":202,"skipped":0,"pct":99.02},"branches":{"total":68,"covered":61,"skipped":0,"pct":89.71}}
}
